<?xml version="1.0" encoding="UTF-8"?>
<testsuite name="com.example.diceroller.ExampleUnitTest" tests="1" skipped="0" failures="0" errors="0" timestamp="2022-07-06T19:16:54" hostname="DEMI-PC" time="0.022">
  <properties/>
  <testcase name="generates_number" classname="com.example.diceroller.ExampleUnitTest" time="0.022"/>
  <system-out><![CDATA[]]></system-out>
  <system-err><![CDATA[]]></system-err>
</testsuite>
